<?xml version="1.0" encoding="UTF-8"?>
<testng-results ignored="0" total="1" passed="1" failed="0" skipped="0">
  <reporter-output>
  </reporter-output>
  <suite started-at="2022-09-13T10:44:08 IST" name="Default suite" finished-at="2022-09-13T10:44:08 IST" duration-ms="55">
    <groups>
    </groups>
    <test started-at="2022-09-13T10:44:08 IST" name="Default test" finished-at="2022-09-13T10:44:08 IST" duration-ms="55">
      <class name="practice.Add_To_Cart">
        <test-method signature="Addingcart()[pri:0, instance:practice.Add_To_Cart@62e7f11d]" started-at="2022-09-13T10:44:08 IST" name="Addingcart" finished-at="2022-09-13T10:44:08 IST" duration-ms="10" status="PASS">
          <reporter-output>
          </reporter-output>
        </test-method> <!-- Addingcart -->
      </class> <!-- practice.Add_To_Cart -->
    </test> <!-- Default test -->
  </suite> <!-- Default suite -->
</testng-results>
